[0.009s] Invoking command in '/home/sushant/ros_ws/build/robotic-arm-urdf-min': CMAKE_PREFIX_PATH=/opt/ros/humble /usr/bin/cmake /home/sushant/ros_ws/src/robotic-arm-urdf-min -DAMENT_CMAKE_SYMLINK_INSTALL=1 -DCMAKE_INSTALL_PREFIX=/home/sushant/ros_ws/install/robotic-arm-urdf-min
[0.018s] -- Found ament_cmake: 1.3.12 (/opt/ros/humble/share/ament_cmake/cmake)
[0.126s] -- Override CMake install command with custom implementation using symlinks instead of copying resources
[0.195s] -- Configuring done
[0.197s] -- Generating done
[0.198s] -- Build files have been written to: /home/sushant/ros_ws/build/robotic-arm-urdf-min
[0.200s] Invoked command in '/home/sushant/ros_ws/build/robotic-arm-urdf-min' returned '0': CMAKE_PREFIX_PATH=/opt/ros/humble /usr/bin/cmake /home/sushant/ros_ws/src/robotic-arm-urdf-min -DAMENT_CMAKE_SYMLINK_INSTALL=1 -DCMAKE_INSTALL_PREFIX=/home/sushant/ros_ws/install/robotic-arm-urdf-min
[0.202s] Invoking command in '/home/sushant/ros_ws/build/robotic-arm-urdf-min': CMAKE_PREFIX_PATH=/opt/ros/humble /usr/bin/cmake --build /home/sushant/ros_ws/build/robotic-arm-urdf-min -- -j8 -l8
[0.231s] Invoked command in '/home/sushant/ros_ws/build/robotic-arm-urdf-min' returned '0': CMAKE_PREFIX_PATH=/opt/ros/humble /usr/bin/cmake --build /home/sushant/ros_ws/build/robotic-arm-urdf-min -- -j8 -l8
[0.240s] Invoking command in '/home/sushant/ros_ws/build/robotic-arm-urdf-min': CMAKE_PREFIX_PATH=/opt/ros/humble /usr/bin/cmake --install /home/sushant/ros_ws/build/robotic-arm-urdf-min
[0.247s] -- Install configuration: ""
[0.247s] -- Execute custom install script
[0.248s] -- Symlinking: /home/sushant/ros_ws/install/robotic-arm-urdf-min/share/ament_index/resource_index/package_run_dependencies/robotic-arm-urdf-min
[0.255s] -- Symlinking: /home/sushant/ros_ws/install/robotic-arm-urdf-min/share/ament_index/resource_index/parent_prefix_path/robotic-arm-urdf-min
[0.263s] -- Symlinking: /home/sushant/ros_ws/install/robotic-arm-urdf-min/share/robotic-arm-urdf-min/environment/ament_prefix_path.sh
[0.271s] -- Symlinking: /home/sushant/ros_ws/install/robotic-arm-urdf-min/share/robotic-arm-urdf-min/environment/ament_prefix_path.dsv
[0.278s] -- Symlinking: /home/sushant/ros_ws/install/robotic-arm-urdf-min/share/robotic-arm-urdf-min/environment/path.sh
[0.285s] -- Symlinking: /home/sushant/ros_ws/install/robotic-arm-urdf-min/share/robotic-arm-urdf-min/environment/path.dsv
[0.293s] -- Symlinking: /home/sushant/ros_ws/install/robotic-arm-urdf-min/share/robotic-arm-urdf-min/local_setup.bash
[0.300s] -- Symlinking: /home/sushant/ros_ws/install/robotic-arm-urdf-min/share/robotic-arm-urdf-min/local_setup.sh
[0.308s] -- Symlinking: /home/sushant/ros_ws/install/robotic-arm-urdf-min/share/robotic-arm-urdf-min/local_setup.zsh
[0.315s] -- Symlinking: /home/sushant/ros_ws/install/robotic-arm-urdf-min/share/robotic-arm-urdf-min/local_setup.dsv
[0.323s] -- Symlinking: /home/sushant/ros_ws/install/robotic-arm-urdf-min/share/robotic-arm-urdf-min/package.dsv
[0.331s] -- Symlinking: /home/sushant/ros_ws/install/robotic-arm-urdf-min/share/ament_index/resource_index/packages/robotic-arm-urdf-min
[0.338s] -- Symlinking: /home/sushant/ros_ws/install/robotic-arm-urdf-min/share/robotic-arm-urdf-min/cmake/robotic-arm-urdf-minConfig.cmake
[0.347s] -- Symlinking: /home/sushant/ros_ws/install/robotic-arm-urdf-min/share/robotic-arm-urdf-min/cmake/robotic-arm-urdf-minConfig-version.cmake
[0.354s] -- Symlinking: /home/sushant/ros_ws/install/robotic-arm-urdf-min/share/robotic-arm-urdf-min/package.xml
[0.362s] -- Symlinking: /home/sushant/ros_ws/install/robotic-arm-urdf-min/share/robotic-arm-urdf-min/config/joint_names_robotic-arm-urdf-min.yaml
[0.370s] -- Symlinking: /home/sushant/ros_ws/install/robotic-arm-urdf-min/share/robotic-arm-urdf-min/launch/display.launch
[0.377s] -- Symlinking: /home/sushant/ros_ws/install/robotic-arm-urdf-min/share/robotic-arm-urdf-min/launch/gazebo.launch
[0.385s] -- Symlinking: /home/sushant/ros_ws/install/robotic-arm-urdf-min/share/robotic-arm-urdf-min/meshes/base_link.STL
[0.393s] -- Symlinking: /home/sushant/ros_ws/install/robotic-arm-urdf-min/share/robotic-arm-urdf-min/meshes/link_1.STL
[0.400s] -- Symlinking: /home/sushant/ros_ws/install/robotic-arm-urdf-min/share/robotic-arm-urdf-min/meshes/link_2.STL
[0.408s] -- Symlinking: /home/sushant/ros_ws/install/robotic-arm-urdf-min/share/robotic-arm-urdf-min/meshes/link_3.STL
[0.415s] -- Symlinking: /home/sushant/ros_ws/install/robotic-arm-urdf-min/share/robotic-arm-urdf-min/meshes/link_4.STL
[0.423s] -- Symlinking: /home/sushant/ros_ws/install/robotic-arm-urdf-min/share/robotic-arm-urdf-min/meshes/link_5.STL
[0.431s] -- Symlinking: /home/sushant/ros_ws/install/robotic-arm-urdf-min/share/robotic-arm-urdf-min/meshes/link_6.STL
[0.438s] -- Symlinking: /home/sushant/ros_ws/install/robotic-arm-urdf-min/share/robotic-arm-urdf-min/meshes/link_7.STL
[0.447s] -- Symlinking: /home/sushant/ros_ws/install/robotic-arm-urdf-min/share/robotic-arm-urdf-min/urdf/robotic-arm-urdf-min.csv
[0.454s] -- Symlinking: /home/sushant/ros_ws/install/robotic-arm-urdf-min/share/robotic-arm-urdf-min/urdf/robotic-arm-urdf-min.urdf
[0.464s] Invoked command in '/home/sushant/ros_ws/build/robotic-arm-urdf-min' returned '0': CMAKE_PREFIX_PATH=/opt/ros/humble /usr/bin/cmake --install /home/sushant/ros_ws/build/robotic-arm-urdf-min
